<?xml version="1.0" encoding="UTF-8" standalone="no"?>
<!DOCTYPE log SYSTEM "logger.dtd">
<log>
<record>
  <date>2022-10-24T10:43:04.107-0300</date>
  <logger>CRISTOVAO PESSOA CANDIDO NETO</logger>
  <level>FINE</level>
  <message>File 121110199-CRISTOVAO PESSOA CANDIDO NETO.zip was received. It was sent by CRISTOVAO PESSOA CANDIDO NETO from IP 192.168.1.8 at 24-10-2022 10*43*04</message>
</record>
</log>
<?xml version="1.0" encoding="UTF-8" standalone="no"?>
<!DOCTYPE log SYSTEM "logger.dtd">
<log>
<record>
  <date>2022-10-24T13:40:30.394-0300</date>
  <logger>CRISTOVAO PESSOA CANDIDO NETO</logger>
  <level>FINE</level>
  <message>File 121110199-CRISTOVAO PESSOA CANDIDO NETO.zip was received. It was sent by CRISTOVAO PESSOA CANDIDO NETO from IP 192.168.1.8 at 24-10-2022 13*40*30</message>
</record>
</log>
<?xml version="1.0" encoding="UTF-8" standalone="no"?>
<!DOCTYPE log SYSTEM "logger.dtd">
<log>
<record>
  <date>2022-10-24T19:46:09.966-0300</date>
  <logger>CRISTOVAO PESSOA CANDIDO NETO</logger>
  <level>FINE</level>
  <message>File 121110199-CRISTOVAO PESSOA CANDIDO NETO.zip was received. It was sent by CRISTOVAO PESSOA CANDIDO NETO from IP 192.168.1.8 at 24-10-2022 19*46*09</message>
</record>
