<?xml version="1.0" encoding="UTF-8" standalone="no"?>
<!DOCTYPE log SYSTEM "logger.dtd">
<log>
<record>
  <date>2022-10-23T12:16:15.631-0300</date>
  <logger>CRISTOVAO PESSOA CANDIDO NETO</logger>
  <level>FINE</level>
  <message>File 121110199-CRISTOVAO PESSOA CANDIDO NETO.zip was received. It was sent by CRISTOVAO PESSOA CANDIDO NETO from IP 192.168.1.8 at 23-10-2022 12*16*15</message>
</record>
</log>
<?xml version="1.0" encoding="UTF-8" standalone="no"?>
<!DOCTYPE log SYSTEM "logger.dtd">
<log>
<record>
  <date>2022-10-23T12:17:22.257-0300</date>
  <logger>CRISTOVAO PESSOA CANDIDO NETO</logger>
  <level>FINE</level>
  <message>File 121110199-CRISTOVAO PESSOA CANDIDO NETO.zip was received. It was sent by CRISTOVAO PESSOA CANDIDO NETO from IP 192.168.1.8 at 23-10-2022 12*17*21</message>
</record>
</log>
<?xml version="1.0" encoding="UTF-8" standalone="no"?>
<!DOCTYPE log SYSTEM "logger.dtd">
<log>
<record>
  <date>2022-10-24T19:23:22.457-0300</date>
  <logger>CRISTOVAO PESSOA CANDIDO NETO</logger>
  <level>FINE</level>
  <message>File 121110199-CRISTOVAO PESSOA CANDIDO NETO.zip was received. It was sent by CRISTOVAO PESSOA CANDIDO NETO from IP 192.168.1.8 at 24-10-2022 19*23*22</message>
</record>
