<?xml version="1.0" encoding="UTF-8" standalone="no"?>
<!DOCTYPE log SYSTEM "logger.dtd">
<log>
<record>
  <date>2022-11-08T08:05:14.511-0300</date>
  <logger>CRISTOVAO PESSOA CANDIDO NETO</logger>
  <level>FINE</level>
  <message>File 121110199-CRISTOVAO PESSOA CANDIDO NETO.zip was received. It was sent by CRISTOVAO PESSOA CANDIDO NETO from IP 150.165.42.187 at 08-11-2022 08*05*14</message>
</record>
</log>
<?xml version="1.0" encoding="UTF-8" standalone="no"?>
<!DOCTYPE log SYSTEM "logger.dtd">
<log>
<record>
  <date>2022-11-08T09:12:45.756-0300</date>
  <logger>CRISTOVAO PESSOA CANDIDO NETO</logger>
  <level>FINE</level>
  <message>File 121110199-CRISTOVAO PESSOA CANDIDO NETO.zip was received. It was sent by CRISTOVAO PESSOA CANDIDO NETO from IP 150.165.42.187 at 08-11-2022 09*12*45</message>
</record>
</log>
<?xml version="1.0" encoding="UTF-8" standalone="no"?>
<!DOCTYPE log SYSTEM "logger.dtd">
<log>
<record>
  <date>2022-11-08T09:16:59.229-0300</date>
  <logger>CRISTOVAO PESSOA CANDIDO NETO</logger>
  <level>FINE</level>
  <message>File 121110199-CRISTOVAO PESSOA CANDIDO NETO.zip was received. It was sent by CRISTOVAO PESSOA CANDIDO NETO from IP 150.165.42.187 at 08-11-2022 09*16*59</message>
</record>
