<?xml version="1.0" encoding="UTF-8" standalone="no"?>
<!DOCTYPE log SYSTEM "logger.dtd">
<log>
<record>
  <date>2022-12-04T12:10:55.760-0300</date>
  <logger>CRISTOVAO PESSOA CANDIDO NETO</logger>
  <level>FINE</level>
  <message>File 121110199-CRISTOVAO PESSOA CANDIDO NETO.zip was received. It was sent by CRISTOVAO PESSOA CANDIDO NETO from IP 192.168.0.125 at 04-12-2022 12*10*55</message>
</record>
</log>
<?xml version="1.0" encoding="UTF-8" standalone="no"?>
<!DOCTYPE log SYSTEM "logger.dtd">
<log>
<record>
  <date>2022-12-04T17:22:46.736-0300</date>
  <logger>CRISTOVAO PESSOA CANDIDO NETO</logger>
  <level>FINE</level>
  <message>File 121110199-CRISTOVAO PESSOA CANDIDO NETO.zip was received. It was sent by CRISTOVAO PESSOA CANDIDO NETO from IP 192.168.0.125 at 04-12-2022 17*22*46</message>
</record>
</log>
<?xml version="1.0" encoding="UTF-8" standalone="no"?>
<!DOCTYPE log SYSTEM "logger.dtd">
<log>
<record>
  <date>2022-12-04T17:53:27.731-0300</date>
  <logger>CRISTOVAO PESSOA CANDIDO NETO</logger>
  <level>FINE</level>
  <message>File 121110199-CRISTOVAO PESSOA CANDIDO NETO.zip was received. It was sent by CRISTOVAO PESSOA CANDIDO NETO from IP 192.168.0.125 at 04-12-2022 17*53*27</message>
</record>
</log>
<?xml version="1.0" encoding="UTF-8" standalone="no"?>
<!DOCTYPE log SYSTEM "logger.dtd">
<log>
<record>
  <date>2022-12-05T08:28:56.048-0300</date>
  <logger>CRISTOVAO PESSOA CANDIDO NETO</logger>
  <level>FINE</level>
  <message>File 121110199-CRISTOVAO PESSOA CANDIDO NETO.zip was received. It was sent by CRISTOVAO PESSOA CANDIDO NETO from IP 192.168.135.209 at 05-12-2022 08*28*56</message>
</record>
</log>
<?xml version="1.0" encoding="UTF-8" standalone="no"?>
<!DOCTYPE log SYSTEM "logger.dtd">
<log>
<record>
  <date>2022-12-05T09:45:48.076-0300</date>
  <logger>CRISTOVAO PESSOA CANDIDO NETO</logger>
  <level>FINE</level>
  <message>File 121110199-CRISTOVAO PESSOA CANDIDO NETO.zip was received. It was sent by CRISTOVAO PESSOA CANDIDO NETO from IP 192.168.135.209 at 05-12-2022 09*45*48</message>
</record>
